<?xml version="1.0" encoding="UTF-8"?>
<!-- Generated by org.testng.reporters.JUnitReportReporter -->
<testsuite hostname="DESKTOP-7DHESB3" failures="0" tests="1" name="com.demo.tests.UpdateMethod" time="6.587" errors="0" timestamp="2021-12-06T15:03:43 IST" skipped="0">
  <testcase classname="com.demo.tests.UpdateMethod" name="updateList" time="6.587"/>
  <system-out/>
</testsuite> <!-- com.demo.tests.UpdateMethod -->
