<?xml version="1.0" encoding="UTF-8"?>
<!-- Generated by org.testng.reporters.JUnitReportReporter -->
<testsuite hostname="DESKTOP-7DHESB3" failures="0" tests="5" name="com.demo.tests.TestAPI" time="4.607" errors="0" timestamp="2021-12-07T10:13:34 IST" skipped="0">
  <testcase classname="com.demo.tests.TestAPI" name="deleteMethod" time="3.464"/>
  <system-out/>
  <testcase classname="com.demo.tests.TestAPI" name="postMethod" time="0.127"/>
  <system-out/>
  <testcase classname="com.demo.tests.TestAPI" name="updateMethod" time="0.121"/>
  <system-out/>
  <testcase classname="com.demo.tests.TestAPI" name="get" time="0.429"/>
  <system-out/>
  <testcase classname="com.demo.tests.TestAPI" name="patchMethod" time="0.466"/>
  <system-out/>
</testsuite> <!-- com.demo.tests.TestAPI -->
