<?xml version="1.0" encoding="UTF-8"?>
<!-- Generated by org.testng.reporters.JUnitReportReporter -->
<testsuite hostname="DESKTOP-7DHESB3" failures="0" tests="3" name="com.demo.tests.UpdateMethod" time="7.737" errors="0" timestamp="2021-12-06T11:55:58 IST" skipped="0">
  <testcase classname="com.demo.tests.UpdateMethod" name="testPut" time="1.041"/>
  <system-out/>
  <testcase classname="com.demo.tests.UpdateMethod" name="updateList" time="0.567"/>
  <system-out/>
  <testcase classname="com.demo.tests.UpdateMethod" name="list" time="6.129"/>
  <system-out/>
</testsuite> <!-- com.demo.tests.UpdateMethod -->
