<?xml version="1.0" encoding="UTF-8"?>
<!-- Generated by org.testng.reporters.JUnitReportReporter -->
<testsuite hostname="DESKTOP-7DHESB3" failures="0" tests="1" name="com.demo.tests.PostSample" time="2.351" errors="0" timestamp="2021-12-06T11:32:14 IST" skipped="0">
  <testcase classname="com.demo.tests.PostSample" name="sample" time="2.351"/>
  <system-out/>
</testsuite> <!-- com.demo.tests.PostSample -->
