<?xml version="1.0" encoding="UTF-8"?>
<!-- Generated by org.testng.reporters.JUnitReportReporter -->
<testsuite hostname="DESKTOP-7DHESB3" failures="0" tests="7" name="com.demo.tests.ApiStart" time="10.030" errors="0" timestamp="2021-12-03T17:06:51 IST" skipped="0">
  <testcase classname="com.demo.tests.ApiStart" name="test_getById" time="0.348"/>
  <system-out/>
  <testcase classname="com.demo.tests.ApiStart" name="test_getListById" time="0.374"/>
  <system-out/>
  <testcase classname="com.demo.tests.ApiStart" name="post_Test" time="0.028"/>
  <system-out/>
  <testcase classname="com.demo.tests.ApiStart" name="test_get" time="0.553"/>
  <system-out/>
  <testcase classname="com.demo.tests.ApiStart" name="test_ListByInvalidId" time="7.816"/>
  <system-out/>
  <testcase classname="com.demo.tests.ApiStart" name="test_getByList" time="0.294"/>
  <system-out/>
  <testcase classname="com.demo.tests.ApiStart" name="test_getByInvalidId" time="0.617"/>
  <system-out/>
</testsuite> <!-- com.demo.tests.ApiStart -->
