<?xml version="1.0" encoding="UTF-8"?>
<!-- Generated by org.testng.reporters.JUnitReportReporter -->
<testsuite hostname="DESKTOP-7DHESB3" failures="0" tests="2" name="com.demo.tests.DeleteMethod" time="9.642" errors="0" timestamp="2021-12-06T12:08:40 IST" skipped="0">
  <testcase classname="com.demo.tests.DeleteMethod" name="testDelete" time="0.958"/>
  <system-out/>
  <testcase classname="com.demo.tests.DeleteMethod" name="delMethod" time="8.684"/>
  <system-out/>
</testsuite> <!-- com.demo.tests.DeleteMethod -->
