<?xml version="1.0" encoding="UTF-8"?>
<!-- Generated by org.testng.reporters.JUnitReportReporter -->
<testsuite hostname="DESKTOP-7DHESB3" failures="0" tests="2" name="com.demo.tests.PostMethod" time="5.649" errors="0" timestamp="2021-12-06T12:21:47 IST" skipped="0">
  <testcase classname="com.demo.tests.PostMethod" name="sample" time="0.030"/>
  <system-out/>
  <testcase classname="com.demo.tests.PostMethod" name="postData" time="5.619"/>
  <system-out/>
</testsuite> <!-- com.demo.tests.PostMethod -->
