<?xml version="1.0" encoding="UTF-8"?>
<!-- Generated by org.testng.reporters.JUnitReportReporter -->
<testsuite hostname="DESKTOP-7DHESB3" failures="0" tests="2" name="com.demo.tests.PostMethod" time="5.198" errors="0" timestamp="2021-12-06T14:43:42 IST" skipped="0">
  <testcase classname="com.demo.tests.PostMethod" name="postData" time="4.573"/>
  <system-out/>
  <testcase classname="com.demo.tests.PostMethod" name="samplePost" time="0.625"/>
  <system-out/>
</testsuite> <!-- com.demo.tests.PostMethod -->
